

Started GET "/" for 127.0.0.1 at 2014-03-28 16:54:33 -0300

RuntimeError (Cannot load `Rails.application.database_configuration`:
Could not load database configuration. No such file - /home/marcheing/monitoria-imeusp/config/database.yml):
  railties (4.1.0.rc2) lib/rails/application/configuration.rb:104:in `database_configuration'
  activerecord (4.1.0.rc2) lib/active_record/railtie.rb:128:in `block (2 levels) in <class:Railtie>'
  activesupport (4.1.0.rc2) lib/active_support/lazy_load_hooks.rb:38:in `instance_eval'
  activesupport (4.1.0.rc2) lib/active_support/lazy_load_hooks.rb:38:in `execute_hook'
  activesupport (4.1.0.rc2) lib/active_support/lazy_load_hooks.rb:45:in `block in run_load_hooks'
  activesupport (4.1.0.rc2) lib/active_support/lazy_load_hooks.rb:44:in `each'
  activesupport (4.1.0.rc2) lib/active_support/lazy_load_hooks.rb:44:in `run_load_hooks'
  activerecord (4.1.0.rc2) lib/active_record/base.rb:326:in `<module:ActiveRecord>'
  activerecord (4.1.0.rc2) lib/active_record/base.rb:23:in `<top (required)>'
  activerecord (4.1.0.rc2) lib/active_record/connection_adapters/abstract/connection_pool.rb:628:in `rescue in call'
  activerecord (4.1.0.rc2) lib/active_record/connection_adapters/abstract/connection_pool.rb:619:in `call'
  activerecord (4.1.0.rc2) lib/active_record/migration.rb:380:in `call'
  actionpack (4.1.0.rc2) lib/action_dispatch/middleware/callbacks.rb:29:in `block in call'
  activesupport (4.1.0.rc2) lib/active_support/callbacks.rb:82:in `run_callbacks'
  actionpack (4.1.0.rc2) lib/action_dispatch/middleware/callbacks.rb:27:in `call'
  actionpack (4.1.0.rc2) lib/action_dispatch/middleware/reloader.rb:73:in `call'
  actionpack (4.1.0.rc2) lib/action_dispatch/middleware/remote_ip.rb:76:in `call'
  actionpack (4.1.0.rc2) lib/action_dispatch/middleware/debug_exceptions.rb:17:in `call'
  actionpack (4.1.0.rc2) lib/action_dispatch/middleware/show_exceptions.rb:30:in `call'
  railties (4.1.0.rc2) lib/rails/rack/logger.rb:38:in `call_app'
  railties (4.1.0.rc2) lib/rails/rack/logger.rb:20:in `block in call'
  activesupport (4.1.0.rc2) lib/active_support/tagged_logging.rb:68:in `block in tagged'
  activesupport (4.1.0.rc2) lib/active_support/tagged_logging.rb:26:in `tagged'
  activesupport (4.1.0.rc2) lib/active_support/tagged_logging.rb:68:in `tagged'
  railties (4.1.0.rc2) lib/rails/rack/logger.rb:20:in `call'
  actionpack (4.1.0.rc2) lib/action_dispatch/middleware/request_id.rb:21:in `call'
  rack (1.5.2) lib/rack/methodoverride.rb:21:in `call'
  rack (1.5.2) lib/rack/runtime.rb:17:in `call'
  activesupport (4.1.0.rc2) lib/active_support/cache/strategy/local_cache_middleware.rb:26:in `call'
  rack (1.5.2) lib/rack/lock.rb:17:in `call'
  actionpack (4.1.0.rc2) lib/action_dispatch/middleware/static.rb:64:in `call'
  rack (1.5.2) lib/rack/sendfile.rb:112:in `call'
  railties (4.1.0.rc2) lib/rails/engine.rb:515:in `call'
  railties (4.1.0.rc2) lib/rails/application.rb:142:in `call'
  rack (1.5.2) lib/rack/lock.rb:17:in `call'
  rack (1.5.2) lib/rack/content_length.rb:14:in `call'
  rack (1.5.2) lib/rack/handler/webrick.rb:60:in `service'
  /home/marcheing/.rvm/rubies/ruby-2.1.1/lib/ruby/2.1.0/webrick/httpserver.rb:138:in `service'
  /home/marcheing/.rvm/rubies/ruby-2.1.1/lib/ruby/2.1.0/webrick/httpserver.rb:94:in `run'
  /home/marcheing/.rvm/rubies/ruby-2.1.1/lib/ruby/2.1.0/webrick/server.rb:295:in `block in start_thread'


  Rendered /home/marcheing/.rvm/gems/ruby-2.1.1/gems/actionpack-4.1.0.rc2/lib/action_dispatch/middleware/templates/rescues/_source.erb (0.7ms)
  Rendered /home/marcheing/.rvm/gems/ruby-2.1.1/gems/actionpack-4.1.0.rc2/lib/action_dispatch/middleware/templates/rescues/_trace.html.erb (1.2ms)
  Rendered /home/marcheing/.rvm/gems/ruby-2.1.1/gems/actionpack-4.1.0.rc2/lib/action_dispatch/middleware/templates/rescues/_request_and_response.html.erb (1.3ms)
  Rendered /home/marcheing/.rvm/gems/ruby-2.1.1/gems/actionpack-4.1.0.rc2/lib/action_dispatch/middleware/templates/rescues/diagnostics.erb within rescues/layout (15.7ms)


Started GET "/" for 127.0.0.1 at 2014-04-02 14:00:34 -0300

RuntimeError (Cannot load `Rails.application.database_configuration`:
Could not load database configuration. No such file - /home/marcheing/monitoria-imeusp/config/database.yml):
  railties (4.1.0.rc2) lib/rails/application/configuration.rb:104:in `database_configuration'
  activerecord (4.1.0.rc2) lib/active_record/railtie.rb:128:in `block (2 levels) in <class:Railtie>'
  activesupport (4.1.0.rc2) lib/active_support/lazy_load_hooks.rb:38:in `instance_eval'
  activesupport (4.1.0.rc2) lib/active_support/lazy_load_hooks.rb:38:in `execute_hook'
  activesupport (4.1.0.rc2) lib/active_support/lazy_load_hooks.rb:45:in `block in run_load_hooks'
  activesupport (4.1.0.rc2) lib/active_support/lazy_load_hooks.rb:44:in `each'
  activesupport (4.1.0.rc2) lib/active_support/lazy_load_hooks.rb:44:in `run_load_hooks'
  activerecord (4.1.0.rc2) lib/active_record/base.rb:326:in `<module:ActiveRecord>'
  activerecord (4.1.0.rc2) lib/active_record/base.rb:23:in `<top (required)>'
  activerecord (4.1.0.rc2) lib/active_record/connection_adapters/abstract/connection_pool.rb:628:in `rescue in call'
  activerecord (4.1.0.rc2) lib/active_record/connection_adapters/abstract/connection_pool.rb:619:in `call'
  activerecord (4.1.0.rc2) lib/active_record/migration.rb:380:in `call'
  actionpack (4.1.0.rc2) lib/action_dispatch/middleware/callbacks.rb:29:in `block in call'
  activesupport (4.1.0.rc2) lib/active_support/callbacks.rb:82:in `run_callbacks'
  actionpack (4.1.0.rc2) lib/action_dispatch/middleware/callbacks.rb:27:in `call'
  actionpack (4.1.0.rc2) lib/action_dispatch/middleware/reloader.rb:73:in `call'
  actionpack (4.1.0.rc2) lib/action_dispatch/middleware/remote_ip.rb:76:in `call'
  actionpack (4.1.0.rc2) lib/action_dispatch/middleware/debug_exceptions.rb:17:in `call'
  actionpack (4.1.0.rc2) lib/action_dispatch/middleware/show_exceptions.rb:30:in `call'
  railties (4.1.0.rc2) lib/rails/rack/logger.rb:38:in `call_app'
  railties (4.1.0.rc2) lib/rails/rack/logger.rb:20:in `block in call'
  activesupport (4.1.0.rc2) lib/active_support/tagged_logging.rb:68:in `block in tagged'
  activesupport (4.1.0.rc2) lib/active_support/tagged_logging.rb:26:in `tagged'
  activesupport (4.1.0.rc2) lib/active_support/tagged_logging.rb:68:in `tagged'
  railties (4.1.0.rc2) lib/rails/rack/logger.rb:20:in `call'
  actionpack (4.1.0.rc2) lib/action_dispatch/middleware/request_id.rb:21:in `call'
  rack (1.5.2) lib/rack/methodoverride.rb:21:in `call'
  rack (1.5.2) lib/rack/runtime.rb:17:in `call'
  activesupport (4.1.0.rc2) lib/active_support/cache/strategy/local_cache_middleware.rb:26:in `call'
  rack (1.5.2) lib/rack/lock.rb:17:in `call'
  actionpack (4.1.0.rc2) lib/action_dispatch/middleware/static.rb:64:in `call'
  rack (1.5.2) lib/rack/sendfile.rb:112:in `call'
  railties (4.1.0.rc2) lib/rails/engine.rb:515:in `call'
  railties (4.1.0.rc2) lib/rails/application.rb:142:in `call'
  rack (1.5.2) lib/rack/lock.rb:17:in `call'
  rack (1.5.2) lib/rack/content_length.rb:14:in `call'
  rack (1.5.2) lib/rack/handler/webrick.rb:60:in `service'
  /home/marcheing/.rvm/rubies/ruby-2.1.1/lib/ruby/2.1.0/webrick/httpserver.rb:138:in `service'
  /home/marcheing/.rvm/rubies/ruby-2.1.1/lib/ruby/2.1.0/webrick/httpserver.rb:94:in `run'
  /home/marcheing/.rvm/rubies/ruby-2.1.1/lib/ruby/2.1.0/webrick/server.rb:295:in `block in start_thread'


  Rendered /home/marcheing/.rvm/gems/ruby-2.1.1/gems/actionpack-4.1.0.rc2/lib/action_dispatch/middleware/templates/rescues/_source.erb (0.7ms)
  Rendered /home/marcheing/.rvm/gems/ruby-2.1.1/gems/actionpack-4.1.0.rc2/lib/action_dispatch/middleware/templates/rescues/_trace.html.erb (2.5ms)
  Rendered /home/marcheing/.rvm/gems/ruby-2.1.1/gems/actionpack-4.1.0.rc2/lib/action_dispatch/middleware/templates/rescues/_request_and_response.html.erb (1.2ms)
  Rendered /home/marcheing/.rvm/gems/ruby-2.1.1/gems/actionpack-4.1.0.rc2/lib/action_dispatch/middleware/templates/rescues/diagnostics.erb within rescues/layout (36.8ms)


Started GET "/" for 127.0.0.1 at 2014-04-02 14:07:50 -0300
Processing by Rails::WelcomeController#index as HTML
  Rendered /home/marcheing/.rvm/gems/ruby-2.1.1/gems/railties-4.1.0.rc2/lib/rails/templates/rails/welcome/index.html.erb (2.1ms)
Completed 200 OK in 50ms (Views: 22.7ms | ActiveRecord: 0.0ms)


Started GET "/" for 127.0.0.1 at 2014-04-02 14:08:21 -0300
Processing by Rails::WelcomeController#index as HTML
  Rendered /home/marcheing/.rvm/gems/ruby-2.1.1/gems/railties-4.1.0.rc2/lib/rails/templates/rails/welcome/index.html.erb (1.6ms)
Completed 200 OK in 24ms (Views: 7.0ms | ActiveRecord: 0.0ms)
